<?xml version="1.0" encoding="UTF-8"?>
<!-- Generated by org.testng.reporters.JUnitReportReporter -->
<testsuite hostname="Sudhakar" failures="0" tests="3" name="Day42.FirstTestCase" time="0.000" errors="0" timestamp="2024-12-12T14:07:12 IST" skipped="0">
  <testcase classname="Day42.FirstTestCase" name="openapp" time="0.000"/>
  <testcase classname="Day42.FirstTestCase" name="login" time="0.000"/>
  <testcase classname="Day42.FirstTestCase" name="logout" time="0.000"/>
</testsuite> <!-- Day42.FirstTestCase -->
