<?xml version="1.0" encoding="UTF-8"?>
<!-- Generated by org.testng.reporters.JUnitReportReporter -->
<testsuite hostname="Sudhakar" failures="0" tests="2" name="Day44.paymenttest" time="0.003" errors="0" timestamp="2024-12-13T14:16:00 IST" skipped="0">
  <testcase classname="Day44.paymenttest" name="paymentinRupees" time="0.001"/>
  <testcase classname="Day44.paymenttest" name="paymentindollers" time="0.002"/>
</testsuite> <!-- Day44.paymenttest -->
