<?xml version="1.0" encoding="UTF-8"?>
<!-- Generated by org.testng.reporters.JUnitReportReporter -->
<testsuite hostname="Sudhakar" failures="0" tests="3" name="Day44.logintest" time="0.026" errors="0" timestamp="2024-12-13T14:16:00 IST" skipped="0">
  <testcase classname="Day44.logintest" name="loginbyemail" time="0.021"/>
  <testcase classname="Day44.logintest" name="loginbyfacebook" time="0.002"/>
  <testcase classname="Day44.logintest" name="loginbytwitter" time="0.003"/>
</testsuite> <!-- Day44.logintest -->
