<?xml version="1.0" encoding="UTF-8"?>
<!-- Generated by org.testng.reporters.JUnitReportReporter -->
<testsuite hostname="Sudhakar" failures="0" tests="3" name="Day44.signuptest" time="0.006" errors="0" timestamp="2024-12-13T14:16:00 IST" skipped="0">
  <testcase classname="Day44.signuptest" name="signupbyemail" time="0.002"/>
  <testcase classname="Day44.signuptest" name="signupbyfacebook" time="0.003"/>
  <testcase classname="Day44.signuptest" name="signupbytwitter" time="0.001"/>
</testsuite> <!-- Day44.signuptest -->
