<?xml version="1.0" encoding="UTF-8"?>
<!-- Generated by org.testng.reporters.JUnitReportReporter -->
<testsuite hostname="Sudhakar" failures="0" tests="1" name="Day43pack.c1" time="0.009" errors="0" timestamp="2024-12-13T10:55:57 IST" skipped="0">
  <testcase classname="Day43pack.c1" name="login" time="0.009"/>
</testsuite> <!-- Day43pack.c1 -->
