<?xml version="1.0" encoding="UTF-8"?>
<!-- Generated by org.testng.reporters.JUnitReportReporter -->
<testsuite hostname="Sudhakar" failures="0" tests="4" name="Day42.OrangeHRM" time="19.093" errors="0" timestamp="2024-12-12T14:07:12 IST" skipped="0">
  <testcase classname="Day42.OrangeHRM" name="openapp" time="10.155"/>
  <testcase classname="Day42.OrangeHRM" name="testlogo" time="5.087"/>
  <testcase classname="Day42.OrangeHRM" name="login" time="3.474"/>
  <testcase classname="Day42.OrangeHRM" name="closeapp" time="0.377"/>
</testsuite> <!-- Day42.OrangeHRM -->
