<?xml version="1.0" encoding="UTF-8"?>
<!-- Generated by org.testng.reporters.JUnitReportReporter -->
<testsuite hostname="Sudhakar" failures="0" tests="4" name="Day45.Dataprovider" time="22.101" errors="0" timestamp="2024-12-16T14:15:08 IST" skipped="0">
  <testcase classname="Day45.Dataprovider" name="login" time="7.047"/>
  <testcase classname="Day45.Dataprovider" name="login" time="4.582"/>
  <testcase classname="Day45.Dataprovider" name="login" time="5.118"/>
  <testcase classname="Day45.Dataprovider" name="login" time="5.354"/>
</testsuite> <!-- Day45.Dataprovider -->
