<?xml version="1.0" encoding="UTF-8"?>
<!-- Generated by org.testng.reporters.JUnitReportReporter -->
<testsuite hostname="Sudhakar" failures="0" tests="1" name="Day43.Assertiondemo" time="0.022" errors="0" timestamp="2024-12-13T11:47:09 IST" skipped="0">
  <testcase classname="Day43.Assertiondemo" name="testtitle" time="0.022"/>
</testsuite> <!-- Day43.Assertiondemo -->
