<?xml version="1.0" encoding="UTF-8"?>
<!-- Generated by org.testng.reporters.JUnitReportReporter -->
<testsuite hostname="Sudhakar" failures="0" tests="1" name="Day47.logintest" time="2.132" errors="0" timestamp="2024-12-17T15:26:17 IST" skipped="0">
  <testcase classname="Day47.logintest" name="testlogin" time="2.132"/>
</testsuite> <!-- Day47.logintest -->
