<?xml version="1.0" encoding="UTF-8"?>
<!-- Generated by org.testng.reporters.JUnitReportReporter -->
<testsuite hostname="Sudhakar" failures="0" tests="2" name="Day43.AllAnotations" time="0.019" errors="0" timestamp="2024-12-13T11:36:23 IST" skipped="0">
  <testcase classname="Day43.AllAnotations" name="t1" time="0.015"/>
  <testcase classname="Day43.AllAnotations" name="t2" time="0.004"/>
</testsuite> <!-- Day43.AllAnotations -->
