<?xml version="1.0" encoding="UTF-8"?>
<!-- Generated by org.testng.reporters.JUnitReportReporter -->
<testsuite hostname="Sudhakar" failures="0" tests="2" name="Day43.AnnotationDemo" time="0.032" errors="0" timestamp="2024-12-13T10:17:15 IST" skipped="0">
  <testcase classname="Day43.AnnotationDemo" name="search" time="0.013"/>
  <testcase classname="Day43.AnnotationDemo" name="advsearch" time="0.019"/>
</testsuite> <!-- Day43.AnnotationDemo -->
