<?xml version="1.0" encoding="UTF-8"?>
<!-- Generated by org.testng.reporters.JUnitReportReporter -->
<testsuite hostname="Sudhakar" failures="0" tests="2" name="Day43.Annotationdemo2" time="0.013" errors="0" timestamp="2024-12-13T10:26:33 IST" skipped="0">
  <testcase classname="Day43.Annotationdemo2" name="search" time="0.011"/>
  <testcase classname="Day43.Annotationdemo2" name="advsearch" time="0.002"/>
</testsuite> <!-- Day43.Annotationdemo2 -->
