<?xml version="1.0" encoding="UTF-8"?>
<!-- Generated by org.testng.reporters.JUnitReportReporter -->
<testsuite hostname="Sudhakar" failures="0" tests="4" name="Day42.OrangeHRM" time="20.943" errors="0" timestamp="2024-12-30T11:47:04 IST" skipped="0">
  <testcase classname="Day42.OrangeHRM" name="openapp" time="10.535"/>
  <testcase classname="Day42.OrangeHRM" name="testlogo" time="5.083"/>
  <testcase classname="Day42.OrangeHRM" name="login" time="5.058"/>
  <testcase classname="Day42.OrangeHRM" name="closeapp" time="0.267"/>
</testsuite> <!-- Day42.OrangeHRM -->
